<?xml version="1.0" encoding="UTF-8"?>
<!-- Generated by org.testng.reporters.JUnitReportReporter -->
<testsuite hostname="DESKTOP-R8CT5U1" failures="0" tests="2" name="testscript5.ManageFooterTextTest" time="21.553" errors="0" timestamp="2025-07-30T21:09:19 IST" skipped="0">
  <testcase classname="testscript5.ManageFooterTextTest" name="validateupdatebuttonisDisplayed" time="8.006"/>
  <testcase classname="testscript5.ManageFooterTextTest" name="validateuserisabletomanageFooterText" time="13.547"/>
</testsuite> <!-- testscript5.ManageFooterTextTest -->
