<?xml version="1.0" encoding="UTF-8"?>
<!-- Generated by org.testng.reporters.JUnitReportReporter -->
<testsuite hostname="DESKTOP-R8CT5U1" failures="0" tests="4" name="testscript5.LoginTest" time="21.944" errors="0" timestamp="2025-07-30T21:09:19 IST" skipped="0">
  <testcase classname="testscript5.LoginTest" name="validateuserisabletologinwithInvalidUsername" time="5.491"/>
  <testcase classname="testscript5.LoginTest" name="validateuserisabletologinwithvalidCredentials" time="5.786"/>
  <testcase classname="testscript5.LoginTest" name="verifyuserisabletologinwithInvalidUsernameandInvalidPassword" time="5.452"/>
  <testcase classname="testscript5.LoginTest" name="verifyuserisabletologinwithInvalidPassword" time="5.215"/>
</testsuite> <!-- testscript5.LoginTest -->
