<?xml version="1.0" encoding="UTF-8"?>
<!-- Generated by org.testng.reporters.JUnitReportReporter -->
<testsuite hostname="DESKTOP-R8CT5U1" failures="0" tests="4" name="testscript5.LoginTest" time="21.774" errors="0" timestamp="2025-07-30T22:30:27 IST" skipped="0">
  <testcase classname="testscript5.LoginTest" name="validateuserisabletologinwithvalidCredentials" time="5.612"/>
  <testcase classname="testscript5.LoginTest" name="validateuserisabletologinwithInvalidUsername" time="6.110"/>
  <testcase classname="testscript5.LoginTest" name="verifyuserisabletologinwithInvalidPassword" time="5.133"/>
  <testcase classname="testscript5.LoginTest" name="verifyuserisabletologinwithInvalidUsernameandInvalidPassword" time="4.919"/>
</testsuite> <!-- testscript5.LoginTest -->
