<?xml version="1.0" encoding="UTF-8"?>
<!-- Generated by org.testng.reporters.JUnitReportReporter -->
<testsuite hostname="DESKTOP-R8CT5U1" failures="0" tests="1" name="testscript5.ManageContactTest" time="8.838" errors="0" timestamp="2025-07-30T21:09:19 IST" skipped="0">
  <testcase classname="testscript5.ManageContactTest" name="validateadminisabletoupdatemanagecontact" time="8.838"/>
</testsuite> <!-- testscript5.ManageContactTest -->
