<?xml version="1.0" encoding="UTF-8"?>
<!-- Generated by org.testng.reporters.JUnitReportReporter -->
<testsuite hostname="DESKTOP-R8CT5U1" failures="0" tests="1" name="testscript5.AdminusersTest$AdminUsersTest" time="17.669" errors="0" timestamp="2025-07-26T23:32:05 IST" skipped="0">
  <testcase classname="testscript5.AdminusersTest$AdminUsersTest" name="validateuserisabletoaddAdmin" time="17.669"/>
</testsuite> <!-- testscript5.AdminusersTest$AdminUsersTest -->
