<?xml version="1.0" encoding="UTF-8"?>
<!-- Generated by org.testng.reporters.JUnitReportReporter -->
<testsuite hostname="DESKTOP-R8CT5U1" failures="0" tests="2" name="testscript5.AdminusersUpdateTest" time="20.741" errors="0" timestamp="2025-07-30T13:43:18 IST" skipped="0">
  <testcase classname="testscript5.AdminusersUpdateTest" name="validateadminusersupdatebuttonisVisible" time="9.509"/>
  <testcase classname="testscript5.AdminusersUpdateTest" name="validateadminusersisabletoUpdate" time="11.232"/>
</testsuite> <!-- testscript5.AdminusersUpdateTest -->
