<?xml version="1.0" encoding="UTF-8"?>
<!-- Generated by org.testng.reporters.JUnitReportReporter -->
<testsuite hostname="DESKTOP-R8CT5U1" failures="0" tests="2" name="testscript5.ManageFooterTextTest" time="19.964" errors="0" timestamp="2025-07-30T13:43:18 IST" skipped="0">
  <testcase classname="testscript5.ManageFooterTextTest" name="validateupdatebuttonisDisplayed" time="10.463"/>
  <testcase classname="testscript5.ManageFooterTextTest" name="validateuserisabletomanageFooterText" time="9.501"/>
</testsuite> <!-- testscript5.ManageFooterTextTest -->
