<?xml version="1.0" encoding="UTF-8"?>
<!-- Generated by org.testng.reporters.JUnitReportReporter -->
<testsuite hostname="DESKTOP-R8CT5U1" failures="0" tests="4" name="testscript5.LoginTest" time="45.139" errors="0" timestamp="2025-07-31T19:29:55 IST" skipped="0">
  <testcase classname="testscript5.LoginTest" name="verifyuserisabletoLoginwithInvalidUsernameandInvalidPassword" time="10.986"/>
  <testcase classname="testscript5.LoginTest" name="validateuserisabletoLoginwithInvalidUsername" time="14.274"/>
  <testcase classname="testscript5.LoginTest" name="validateuserisabletoLoginwithValidCredentials" time="11.557"/>
  <testcase classname="testscript5.LoginTest" name="verifyuserisabletoLoginwithInvalidPassword" time="8.322"/>
</testsuite> <!-- testscript5.LoginTest -->
