<?xml version="1.0" encoding="UTF-8"?>
<!-- Generated by org.testng.reporters.JUnitReportReporter -->
<testsuite hostname="DESKTOP-R8CT5U1" failures="0" tests="2" name="testscript5.ManageFooterTextTest" time="19.104" errors="0" timestamp="2025-07-31T19:29:55 IST" skipped="0">
  <testcase classname="testscript5.ManageFooterTextTest" name="validateuserisabletoManageFooterText" time="11.044"/>
  <testcase classname="testscript5.ManageFooterTextTest" name="validateUpdateButtonisDisplayed" time="8.060"/>
</testsuite> <!-- testscript5.ManageFooterTextTest -->
