<?xml version="1.0" encoding="UTF-8"?>
<!-- Generated by org.testng.reporters.JUnitReportReporter -->
<testsuite hostname="DESKTOP-R8CT5U1" failures="0" tests="1" name="testscript5.LogoutTest" time="7.946" errors="0" timestamp="2025-07-30T21:09:19 IST" skipped="0">
  <testcase classname="testscript5.LogoutTest" name="validateadminisabletologout" time="7.946"/>
</testsuite> <!-- testscript5.LogoutTest -->
