<?xml version="1.0" encoding="UTF-8"?>
<!-- Generated by org.testng.reporters.JUnitReportReporter -->
<testsuite hostname="DESKTOP-R8CT5U1" failures="0" tests="2" name="testscript5.AdminusersTest" time="42.282" errors="0" timestamp="2025-07-30T22:30:27 IST" skipped="1">
  <testcase classname="testscript5.AdminusersTest" name="validateuserisabletoaddAdmin" time="17.493"/>
  <testcase classname="testscript5.AdminusersTest" name="validateuserisabletoaddAdmin" time="24.789">
    <skipped/>
  </testcase> <!-- validateuserisabletoaddAdmin -->
</testsuite> <!-- testscript5.AdminusersTest -->
