<?xml version="1.0" encoding="UTF-8"?>
<!-- Generated by org.testng.reporters.JUnitReportReporter -->
<testsuite hostname="DESKTOP-R8CT5U1" failures="0" tests="2" name="testscript5.AdminusersTest" time="22.834" errors="0" timestamp="2025-07-31T19:29:55 IST" skipped="1">
  <testcase classname="testscript5.AdminusersTest" name="validateuserisabletoaddAdmin" time="12.231">
    <skipped/>
  </testcase> <!-- validateuserisabletoaddAdmin -->
  <testcase classname="testscript5.AdminusersTest" name="validateuserisabletoaddAdmin" time="10.603"/>
</testsuite> <!-- testscript5.AdminusersTest -->
