<?xml version="1.0" encoding="UTF-8"?>
<!-- Generated by org.testng.reporters.JUnitReportReporter -->
<testsuite hostname="DESKTOP-R8CT5U1" failures="0" tests="4" name="testscript5.LoginTest" time="49.062" errors="0" timestamp="2025-07-31T19:41:04 IST" skipped="0">
  <testcase classname="testscript5.LoginTest" name="validateuserisabletoLoginwithInvalidUsername" time="9.786"/>
  <testcase classname="testscript5.LoginTest" name="verifyuserisabletoLoginwithInvalidPassword" time="22.247"/>
  <testcase classname="testscript5.LoginTest" name="verifyuserisabletoLoginwithInvalidUsernameandInvalidPassword" time="6.960"/>
  <testcase classname="testscript5.LoginTest" name="validateuserisabletoLoginwithValidCredentials" time="10.069"/>
</testsuite> <!-- testscript5.LoginTest -->
