<?xml version="1.0" encoding="UTF-8"?>
<!-- Generated by org.testng.reporters.JUnitReportReporter -->
<testsuite hostname="DESKTOP-R8CT5U1" failures="0" tests="1" name="testscript5.LogoutTest" time="8.532" errors="0" timestamp="2025-07-31T19:41:04 IST" skipped="0">
  <testcase classname="testscript5.LogoutTest" name="validateadminisAbleToLogout" time="8.532"/>
</testsuite> <!-- testscript5.LogoutTest -->
