<?xml version="1.0" encoding="UTF-8"?>
<!-- Generated by org.testng.reporters.JUnitReportReporter -->
<testsuite hostname="DESKTOP-R8CT5U1" failures="0" tests="2" name="testscript5.AdminusersUpdateTest" time="19.454" errors="0" timestamp="2025-07-30T14:07:53 IST" skipped="0">
  <testcase classname="testscript5.AdminusersUpdateTest" name="validateadminusersupdatebuttonisVisible" time="8.938"/>
  <testcase classname="testscript5.AdminusersUpdateTest" name="validateadminusersisabletoUpdate" time="10.516"/>
</testsuite> <!-- testscript5.AdminusersUpdateTest -->
