<?xml version="1.0" encoding="UTF-8"?>
<!-- Generated by org.testng.reporters.JUnitReportReporter -->
<testsuite hostname="DESKTOP-R8CT5U1" failures="0" tests="1" name="testscript5.ManageNewsTest" time="11.191" errors="0" timestamp="2025-07-30T14:39:37 IST" skipped="0">
  <testcase classname="testscript5.ManageNewsTest" name="manageNewsEntry" time="11.191"/>
</testsuite> <!-- testscript5.ManageNewsTest -->
