<?xml version="1.0" encoding="UTF-8"?>
<!-- Generated by org.testng.reporters.JUnitReportReporter -->
<testsuite hostname="DESKTOP-R8CT5U1" failures="0" tests="1" name="testscript5.ManageCategoryTest" time="8.039" errors="0" timestamp="2025-07-30T14:07:53 IST" skipped="0">
  <testcase classname="testscript5.ManageCategoryTest" name="validatewhetheruserisabletoupdatecategoryanduploadImage" time="8.039"/>
</testsuite> <!-- testscript5.ManageCategoryTest -->
