<?xml version="1.0" encoding="UTF-8"?>
<!-- Generated by org.testng.reporters.JUnitReportReporter -->
<testsuite hostname="DESKTOP-R8CT5U1" failures="0" tests="2" name="testscript5.ManageFooterTextTest" time="14.778" errors="0" timestamp="2025-07-30T14:07:53 IST" skipped="0">
  <testcase classname="testscript5.ManageFooterTextTest" name="validateupdatebuttonisDisplayed" time="6.727"/>
  <testcase classname="testscript5.ManageFooterTextTest" name="validateuserisabletomanageFooterText" time="8.051"/>
</testsuite> <!-- testscript5.ManageFooterTextTest -->
