<?xml version="1.0" encoding="UTF-8"?>
<!-- Generated by org.testng.reporters.JUnitReportReporter -->
<testsuite hostname="DESKTOP-R8CT5U1" failures="0" tests="2" name="testscript5.AdminusersUpdateTest" time="33.985" errors="0" timestamp="2025-07-30T21:46:03 IST" skipped="0">
  <testcase classname="testscript5.AdminusersUpdateTest" name="validateadminusersisabletoUpdate" time="16.386"/>
  <testcase classname="testscript5.AdminusersUpdateTest" name="validateadminusersupdatebuttonisVisible" time="17.599"/>
</testsuite> <!-- testscript5.AdminusersUpdateTest -->
